<?xml version="1.0" encoding="UTF-8"?>
<testng-results ignored="0" total="1" passed="1" failed="0" skipped="0">
  <reporter-output>
  </reporter-output>
  <suite started-at="2024-07-02T16:56:32 IST" name="Surefire suite" finished-at="2024-07-02T16:57:03 IST" duration-ms="30862">
    <groups>
      <group name="cucumber">
        <method signature="AbstractTestNGCucumberTests.runScenario(io.cucumber.testng.PickleWrapper,io.cucumber.testng.FeatureWrapper)[pri:0, instance:CucumberTestng_runner.CTRunner@5cee5251]" name="runScenario" class="io.cucumber.testng.AbstractTestNGCucumberTests"/>
      </group> <!-- cucumber -->
    </groups>
    <test started-at="2024-07-02T16:56:32 IST" name="Surefire test" finished-at="2024-07-02T16:57:03 IST" duration-ms="30862">
      <class name="CucumberTestng_runner.CTRunner">
        <test-method is-config="true" signature="setUpClass(org.testng.ITestContext)[pri:0, instance:CucumberTestng_runner.CTRunner@5cee5251]" started-at="2024-07-02T16:56:32 IST" name="setUpClass" finished-at="2024-07-02T16:56:32 IST" duration-ms="236" status="PASS">
          <params>
            <param index="0">
              <value>
                <![CDATA[org.testng.TestRunner@6e0d4a8]]>
              </value>
            </param>
          </params>
          <reporter-output>
          </reporter-output>
        </test-method> <!-- setUpClass -->
        <test-method signature="runScenario(io.cucumber.testng.PickleWrapper,io.cucumber.testng.FeatureWrapper)[pri:0, instance:CucumberTestng_runner.CTRunner@5cee5251]" started-at="2024-07-02T16:56:32 IST" name="runScenario" description="Runs Cucumber Scenarios" data-provider="scenarios" finished-at="2024-07-02T16:57:03 IST" duration-ms="30574" status="PASS">
          <params>
            <param index="0">
              <value>
                <![CDATA["login test"]]>
              </value>
            </param>
            <param index="1">
              <value>
                <![CDATA["Practice Page"]]>
              </value>
            </param>
          </params>
          <reporter-output>
          </reporter-output>
        </test-method> <!-- runScenario -->
        <test-method is-config="true" signature="tearDownClass()[pri:0, instance:CucumberTestng_runner.CTRunner@5cee5251]" started-at="2024-07-02T16:57:03 IST" name="tearDownClass" finished-at="2024-07-02T16:57:03 IST" duration-ms="7" status="PASS">
          <reporter-output>
          </reporter-output>
        </test-method> <!-- tearDownClass -->
      </class> <!-- CucumberTestng_runner.CTRunner -->
    </test> <!-- Surefire test -->
  </suite> <!-- Surefire suite -->
</testng-results>
