<?xml version="1.0" encoding="UTF-8"?>
<testng-results ignored="0" total="1" passed="1" failed="0" skipped="0">
  <reporter-output>
  </reporter-output>
  <suite started-at="2024-07-02T12:38:24 IST" name="Default suite" finished-at="2024-07-02T12:38:35 IST" duration-ms="11367">
    <groups>
      <group name="cucumber">
        <method signature="AbstractTestNGCucumberTests.runScenario(io.cucumber.testng.PickleWrapper,io.cucumber.testng.FeatureWrapper)[pri:0, instance:CucumberTestng_runner.CTRunner@6c4906d3]" name="runScenario" class="io.cucumber.testng.AbstractTestNGCucumberTests"/>
      </group> <!-- cucumber -->
    </groups>
    <test started-at="2024-07-02T12:38:24 IST" name="Default test" finished-at="2024-07-02T12:38:35 IST" duration-ms="11367">
      <class name="CucumberTestng_runner.CTRunner">
        <test-method is-config="true" signature="setUpClass(org.testng.ITestContext)[pri:0, instance:CucumberTestng_runner.CTRunner@6c4906d3]" started-at="2024-07-02T12:38:24 IST" name="setUpClass" finished-at="2024-07-02T12:38:24 IST" duration-ms="265" status="PASS">
          <params>
            <param index="0">
              <value>
                <![CDATA[org.testng.TestRunner@121c54fa]]>
              </value>
            </param>
          </params>
          <reporter-output>
          </reporter-output>
        </test-method> <!-- setUpClass -->
        <test-method signature="runScenario(io.cucumber.testng.PickleWrapper,io.cucumber.testng.FeatureWrapper)[pri:0, instance:CucumberTestng_runner.CTRunner@6c4906d3]" started-at="2024-07-02T12:38:24 IST" name="runScenario" description="Runs Cucumber Scenarios" data-provider="scenarios" finished-at="2024-07-02T12:38:35 IST" duration-ms="11014" status="PASS">
          <params>
            <param index="0">
              <value>
                <![CDATA["login test"]]>
              </value>
            </param>
            <param index="1">
              <value>
                <![CDATA["Practice Page"]]>
              </value>
            </param>
          </params>
          <reporter-output>
          </reporter-output>
        </test-method> <!-- runScenario -->
        <test-method is-config="true" signature="tearDownClass()[pri:0, instance:CucumberTestng_runner.CTRunner@6c4906d3]" started-at="2024-07-02T12:38:35 IST" name="tearDownClass" finished-at="2024-07-02T12:38:35 IST" duration-ms="12" status="PASS">
          <reporter-output>
          </reporter-output>
        </test-method> <!-- tearDownClass -->
      </class> <!-- CucumberTestng_runner.CTRunner -->
    </test> <!-- Default test -->
  </suite> <!-- Default suite -->
</testng-results>
